
> viva-gestao-cultural@0.1.0 lint
> eslint


/Users/eduardo/viva-gestao-cultural/src/app/(protected)/projetos/[id]/page.tsx
  40:8  error  Parsing error: JSX expressions must have one parent element

/Users/eduardo/viva-gestao-cultural/src/components/management/accountability-connected-panel.tsx
  187:41  warning  React Hook useMemo has an unnecessary dependency: 'version'. Either exclude it or remove the dependency array  react-hooks/exhaustive-deps

/Users/eduardo/viva-gestao-cultural/src/components/management/accountability-editor.tsx
  27:3  warning  'Save' is defined but never used  @typescript-eslint/no-unused-vars

/Users/eduardo/viva-gestao-cultural/src/components/management/administrative-demonstratives.tsx
  3:21  warning  'useMemo' is defined but never used      @typescript-eslint/no-unused-vars
  4:26  warning  'ReceiptText' is defined but never used  @typescript-eslint/no-unused-vars

/Users/eduardo/viva-gestao-cultural/src/components/management/cultural-management-suite.tsx
  341:10  warning  'TextArea' is defined but never used  @typescript-eslint/no-unused-vars
  345:10  warning  'Field' is defined but never used     @typescript-eslint/no-unused-vars

/Users/eduardo/viva-gestao-cultural/src/components/management/cultural-report-workspace.tsx
  420:5  error  Error: Calling setState synchronously within an effect can trigger cascading renders

Effects are intended to synchronize state between React and external systems such as manually updating the DOM, state management libraries, or other platform APIs. In general, the body of an effect should do one or both of the following:
* Update external systems with the latest state from React.
* Subscribe for updates from some external system, calling setState in a callback function when external state changes.

Calling setState synchronously within an effect body causes cascading renders that can hurt performance, and is not recommended. (https://react.dev/learn/you-might-not-need-an-effect).

/Users/eduardo/viva-gestao-cultural/src/components/management/cultural-report-workspace.tsx:420:5
  418 |     const saved = readJson<Partial<ReportState>>(projectScopedKey(storageKeyBase), {});
  419 |
> 420 |     setState((current) => ({
      |     ^^^^^^^^ Avoid calling setState() directly within an effect
  421 |       ...current,
  422 |       ...saved,
  423 |       projectName: saved.projectName || getActiveProjectScope().name,  react-hooks/set-state-in-effect

/Users/eduardo/viva-gestao-cultural/src/components/projects/project-data-reset-panel.tsx
  114:5  error  Error: Calling setState synchronously within an effect can trigger cascading renders

Effects are intended to synchronize state between React and external systems such as manually updating the DOM, state management libraries, or other platform APIs. In general, the body of an effect should do one or both of the following:
* Update external systems with the latest state from React.
* Subscribe for updates from some external system, calling setState in a callback function when external state changes.

Calling setState synchronously within an effect body causes cascading renders that can hurt performance, and is not recommended. (https://react.dev/learn/you-might-not-need-an-effect).

/Users/eduardo/viva-gestao-cultural/src/components/projects/project-data-reset-panel.tsx:114:5
  112 |
  113 |   useEffect(() => {
> 114 |     setProjectName(getActiveProjectScope().name);
      |     ^^^^^^^^^^^^^^ Avoid calling setState() directly within an effect
  115 |   }, []);
  116 |
  117 |   function handleClear() {  react-hooks/set-state-in-effect

/Users/eduardo/viva-gestao-cultural/src/components/schedule/diary-workspace.tsx
  157:6  warning  React Hook useEffect has a missing dependency: 'project'. Either include it or remove the dependency array  react-hooks/exhaustive-deps

/Users/eduardo/viva-gestao-cultural/src/components/settings/project-zip-export-workspace.tsx
  368:7  error  Error: Calling setState synchronously within an effect can trigger cascading renders

Effects are intended to synchronize state between React and external systems such as manually updating the DOM, state management libraries, or other platform APIs. In general, the body of an effect should do one or both of the following:
* Update external systems with the latest state from React.
* Subscribe for updates from some external system, calling setState in a callback function when external state changes.

Calling setState synchronously within an effect body causes cascading renders that can hurt performance, and is not recommended. (https://react.dev/learn/you-might-not-need-an-effect).

/Users/eduardo/viva-gestao-cultural/src/components/settings/project-zip-export-workspace.tsx:368:7
  366 |       const active = getActiveProjectScope();
  367 |       const matched = projectOptions.find((item) => item.id === active.id) ?? projectOptions[0];
> 368 |       refresh(matched);
      |       ^^^^^^^ Avoid calling setState() directly within an effect
  369 |     }
  370 |     // eslint-disable-next-line react-hooks/exhaustive-deps
  371 |   }, [projectOptions.length]);  react-hooks/set-state-in-effect

/Users/eduardo/viva-gestao-cultural/src/components/settings/settings-panel.tsx
  102:5  error  Error: Calling setState synchronously within an effect can trigger cascading renders

Effects are intended to synchronize state between React and external systems such as manually updating the DOM, state management libraries, or other platform APIs. In general, the body of an effect should do one or both of the following:
* Update external systems with the latest state from React.
* Subscribe for updates from some external system, calling setState in a callback function when external state changes.

Calling setState synchronously within an effect body causes cascading renders that can hurt performance, and is not recommended. (https://react.dev/learn/you-might-not-need-an-effect).

/Users/eduardo/viva-gestao-cultural/src/components/settings/settings-panel.tsx:102:5
  100 |
  101 |   useEffect(() => {
> 102 |     loadSection();
      |     ^^^^^^^^^^^ Avoid calling setState() directly within an effect
  103 |     // eslint-disable-next-line react-hooks/exhaustive-deps
  104 |   }, [section.id]);
  105 |  react-hooks/set-state-in-effect

/Users/eduardo/viva-gestao-cultural/src/components/team/local-team-workspace.tsx
  814:12  warning  'clearProjectTeam' is defined but never used  @typescript-eslint/no-unused-vars

✖ 13 problems (5 errors, 8 warnings)

